{
  name: 'PrismaClientKnownRequestError',
  code: 'P2002',
  clientVersion: '5.5.2',
  meta: { target: 'Patient_email_key' },
  level: 'error',
  timestamp: '2023-11-05T18:37:11.609Z'
}
{
  name: 'PrismaClientKnownRequestError',
  code: 'P2002',
  clientVersion: '5.5.2',
  meta: { target: 'Patient_phoneNumber_key' },
  level: 'error',
  timestamp: '2023-11-05T18:37:39.313Z'
}
{
  name: 'PrismaClientInitializationError',
  clientVersion: '5.5.2',
  errorCode: undefined,
  level: 'error',
  timestamp: '2023-11-06T16:48:52.764Z'
}
{
  name: 'PrismaClientValidationError',
  clientVersion: '5.5.2',
  level: 'error',
  timestamp: '2023-11-07T04:16:23.378Z'
}
{
  name: 'PrismaClientValidationError',
  clientVersion: '5.5.2',
  level: 'error',
  timestamp: '2023-11-07T04:17:44.635Z'
}
